#! /c/Source/iverilog-install/bin/vvp
:ivl_version "12.0 (devel)" "(s20150603-1539-g2693dd32b)";
:ivl_delay_selection "TYPICAL";
:vpi_time_precision - 12;
:vpi_module "G:\iverilog\lib\ivl\system.vpi";
:vpi_module "G:\iverilog\lib\ivl\vhdl_sys.vpi";
:vpi_module "G:\iverilog\lib\ivl\vhdl_textio.vpi";
:vpi_module "G:\iverilog\lib\ivl\v2005_math.vpi";
:vpi_module "G:\iverilog\lib\ivl\va_math.vpi";
S_000002380a7ebb00 .scope module, "D_filp_flop_tb" "D_filp_flop_tb" 2 4;
 .timescale -12 -12;
v000002380a7ed350_0 .net "Q", 0 0, L_000002380a8374f0;  1 drivers
v000002380a87d6e0_0 .net "Q_hat", 0 0, L_000002380a837100;  1 drivers
v000002380a87d140_0 .var "data_input", 0 0;
v000002380a87cb00_0 .var "hold_input", 0 0;
S_000002380a7ecff0 .scope module, "Dff_test" "D_filp_flop" 2 11, 3 1 0, S_000002380a7ebb00;
 .timescale -12 -12;
    .port_info 0 /INPUT 1 "data_input";
    .port_info 1 /INPUT 1 "hold_input";
    .port_info 2 /OUTPUT 1 "Q";
    .port_info 3 /OUTPUT 1 "Q_hat";
L_000002380a8375d0 .functor NOT 1, v000002380a87d140_0, C4<0>, C4<0>, C4<0>;
L_000002380a837090 .functor AND 1, v000002380a87d140_0, v000002380a87cb00_0, C4<1>, C4<1>;
L_000002380a837640 .functor AND 1, L_000002380a8375d0, v000002380a87cb00_0, C4<1>, C4<1>;
L_000002380a8376b0 .functor OR 1, L_000002380a837090, L_000002380a837100, C4<0>, C4<0>;
L_000002380a8374f0 .functor NOT 1, L_000002380a8376b0, C4<0>, C4<0>, C4<0>;
L_000002380a837560 .functor OR 1, L_000002380a837640, L_000002380a8374f0, C4<0>, C4<0>;
L_000002380a837100 .functor NOT 1, L_000002380a837560, C4<0>, C4<0>, C4<0>;
v000002380a7e6e10_0 .net "Q", 0 0, L_000002380a8374f0;  alias, 1 drivers
v000002380a7e6b70_0 .net "Q_hat", 0 0, L_000002380a837100;  alias, 1 drivers
v000002380a7ebf10_0 .net *"_ivl_10", 0 0, L_000002380a837560;  1 drivers
v000002380a7eb650_0 .net *"_ivl_6", 0 0, L_000002380a8376b0;  1 drivers
v000002380a7ea2c0_0 .net "d_and_h", 0 0, L_000002380a837090;  1 drivers
v000002380a7ea100_0 .net "data_input", 0 0, v000002380a87d140_0;  1 drivers
v000002380a7e8f20_0 .net "hold_input", 0 0, v000002380a87cb00_0;  1 drivers
v000002380a7ed180_0 .net "r_and_h", 0 0, L_000002380a837640;  1 drivers
v000002380a7ed220_0 .net "reset", 0 0, L_000002380a8375d0;  1 drivers
    .scope S_000002380a7ebb00;
T_0 ;
    %vpi_call 2 19 "$dumpfile", "tb_D_flip_flop.vcd" {0 0 0};
    %vpi_call 2 20 "$dumpvars", 32'sb00000000000000000000000000000000, S_000002380a7ebb00 {0 0 0};
    %end;
    .thread T_0;
    .scope S_000002380a7ebb00;
T_1 ;
    %delay 5, 0;
    %pushi/vec4 0, 0, 1;
    %cassign/vec4 v000002380a87d140_0;
    %pushi/vec4 0, 0, 1;
    %cassign/vec4 v000002380a87cb00_0;
    %delay 5, 0;
    %pushi/vec4 1, 0, 1;
    %cassign/vec4 v000002380a87d140_0;
    %delay 5, 0;
    %pushi/vec4 1, 0, 1;
    %cassign/vec4 v000002380a87cb00_0;
    %delay 5, 0;
    %pushi/vec4 1, 0, 1;
    %cassign/vec4 v000002380a87d140_0;
    %delay 5, 0;
    %pushi/vec4 0, 0, 1;
    %cassign/vec4 v000002380a87d140_0;
    %delay 5, 0;
    %pushi/vec4 1, 0, 1;
    %cassign/vec4 v000002380a87d140_0;
    %delay 5, 0;
    %end;
    .thread T_1;
# The file index is used to find the file name in the following table.
:file_names 4;
    "N/A";
    "<interactive>";
    "D_filp_flop_tb.v";
    "./D_filp_flop.v";
